com-daservice 
 
Tue 06/20/2017 20:40:40.83 staging_creditnote.sql 
 
staging start

(15057 rows affected)
 
Tue 06/20/2017 20:40:43.66 staging_creditnoteitem.sql 
 
staging start

(55969 rows affected)
 
Tue 06/20/2017 20:40:49.44 staging_customer.sql 
 
staging start

(335815 rows affected)

(1 rows affected)
 
Tue 06/20/2017 20:40:57.52 staging_deliverytime.sql 
 
staging start

(198837 rows affected)
 
Tue 06/20/2017 20:41:12.00 staging_heureka_review.sql 
 
staging start

(11599 rows affected)
 
Tue 06/20/2017 20:41:12.44 staging_invoice.sql 
 
staging start

(1526452 rows affected)
 
Tue 06/20/2017 20:42:02.00 staging_invoiceitem.sql 
 
staging start

(5594968 rows affected)
 
Tue 06/20/2017 20:46:24.74 staging_margin.sql 
 
staging start

(1774601 rows affected)
 
Tue 06/20/2017 20:48:10.65 staging_paymentmethod.sql 
 
staging start

(24 rows affected)
 
Tue 06/20/2017 20:48:10.96 staging_stock.sql 
 
staging start

(153859 rows affected)
 
Tue 06/20/2017 20:48:16.49 staging_virtualpack.sql 
 
staging start

(2310 rows affected)
 
